<?xml version="1.0" encoding="UTF-8"?>
<!-- Generated by org.testng.reporters.JUnitReportReporter -->
<testsuite hostname="DESKTOP-2AN8CB2" failures="0" tests="3" name="testRunner.Run" time="52.584" errors="0" timestamp="2023-04-29T18:37:43 IST" skipped="0">
  <testcase classname="testRunner.Run" name="runScenario" time="20.380"/>
  <system-out/>
  <testcase classname="testRunner.Run" name="runScenario" time="19.587"/>
  <system-out/>
  <testcase classname="testRunner.Run" name="runScenario" time="12.617"/>
  <system-out/>
</testsuite> <!-- testRunner.Run -->
