<?xml version="1.0" encoding="UTF-8"?>
<!-- Generated by org.testng.reporters.JUnitReportReporter -->
<testsuite hostname="DESKTOP-2AN8CB2" failures="0" tests="4" name="testRunner.Run" time="88.363" errors="0" timestamp="2023-04-27T21:25:15 IST" skipped="0">
  <testcase classname="testRunner.Run" name="runScenario" time="32.761"/>
  <system-out/>
  <testcase classname="testRunner.Run" name="runScenario" time="22.995"/>
  <system-out/>
  <testcase classname="testRunner.Run" name="runScenario" time="15.179"/>
  <system-out/>
  <testcase classname="testRunner.Run" name="runScenario" time="17.428"/>
  <system-out/>
</testsuite> <!-- testRunner.Run -->
