<?xml version="1.0" encoding="UTF-8"?>
<!-- Generated by org.testng.reporters.JUnitReportReporter -->
<testsuite hostname="DESKTOP-2AN8CB2" failures="0" tests="2" name="testRunner.Run" time="47.274" errors="0" timestamp="2023-05-01T20:46:59 IST" skipped="0">
  <testcase classname="testRunner.Run" name="runScenario" time="11.387"/>
  <system-out/>
  <testcase classname="testRunner.Run" name="runScenario" time="35.887"/>
  <system-out/>
</testsuite> <!-- testRunner.Run -->
